<?xml version="1.0" encoding="UTF-8"?>
<testng-results skipped="0" failed="0" ignored="0" total="2" passed="2">
  <reporter-output>
  </reporter-output>
  <suite name="Suite" duration-ms="9394" started-at="2019-04-23T14:18:09Z" finished-at="2019-04-23T14:18:18Z">
    <groups>
    </groups>
    <test name="Test" duration-ms="9394" started-at="2019-04-23T14:18:09Z" finished-at="2019-04-23T14:18:18Z">
      <class name="com.qa.ascendum.test.HomePageTest">
        <test-method status="PASS" signature="Initialize_Browser(java.lang.String)[pri:0, instance:com.qa.ascendum.test.HomePageTest@1d16f93d]" name="Initialize_Browser" is-config="true" duration-ms="5942" started-at="2019-04-23T14:18:09Z" finished-at="2019-04-23T14:18:15Z">
          <params>
            <param index="0">
              <value>
                <![CDATA[chrome]]>
              </value>
            </param>
          </params>
          <reporter-output>
          </reporter-output>
        </test-method> <!-- Initialize_Browser -->
        <test-method status="PASS" signature="validateHomepage()[pri:1, instance:com.qa.ascendum.test.HomePageTest@1d16f93d]" name="validateHomepage" duration-ms="1924" started-at="2019-04-23T14:18:15Z" finished-at="2019-04-23T14:18:17Z">
          <reporter-output>
          </reporter-output>
        </test-method> <!-- validateHomepage -->
        <test-method status="PASS" signature="searchPhrase()[pri:2, instance:com.qa.ascendum.test.HomePageTest@1d16f93d]" name="searchPhrase" duration-ms="501" started-at="2019-04-23T14:18:17Z" finished-at="2019-04-23T14:18:17Z">
          <reporter-output>
          </reporter-output>
        </test-method> <!-- searchPhrase -->
        <test-method status="PASS" signature="closeBrowser()[pri:0, instance:com.qa.ascendum.test.HomePageTest@1d16f93d]" name="closeBrowser" is-config="true" duration-ms="1011" started-at="2019-04-23T14:18:17Z" finished-at="2019-04-23T14:18:18Z">
          <reporter-output>
          </reporter-output>
        </test-method> <!-- closeBrowser -->
      </class> <!-- com.qa.ascendum.test.HomePageTest -->
    </test> <!-- Test -->
  </suite> <!-- Suite -->
</testng-results>
