<?xml version="1.0" encoding="UTF-8"?>
<testng-results skipped="0" failed="0" ignored="0" total="1" passed="1">
  <reporter-output>
  </reporter-output>
  <suite name="Suite" duration-ms="77090" started-at="2019-04-22T19:49:51Z" finished-at="2019-04-22T19:51:08Z">
    <groups>
    </groups>
    <test name="Test" duration-ms="77090" started-at="2019-04-22T19:49:51Z" finished-at="2019-04-22T19:51:08Z">
      <class name="com.qa.ascendum.test.HomePageTest">
        <test-method status="PASS" signature="Initialize_Browser()[pri:0, instance:com.qa.ascendum.test.HomePageTest@6536e911]" name="Initialize_Browser" is-config="true" duration-ms="10013" started-at="2019-04-22T19:49:51Z" finished-at="2019-04-22T19:50:01Z">
          <reporter-output>
          </reporter-output>
        </test-method> <!-- Initialize_Browser -->
        <test-method status="PASS" signature="validateHomepage()[pri:0, instance:com.qa.ascendum.test.HomePageTest@6536e911]" name="validateHomepage" duration-ms="65445" started-at="2019-04-22T19:50:01Z" finished-at="2019-04-22T19:51:07Z">
          <reporter-output>
          </reporter-output>
        </test-method> <!-- validateHomepage -->
        <test-method status="PASS" signature="closeBrowser()[pri:0, instance:com.qa.ascendum.test.HomePageTest@6536e911]" name="closeBrowser" is-config="true" duration-ms="1609" started-at="2019-04-22T19:51:07Z" finished-at="2019-04-22T19:51:08Z">
          <reporter-output>
          </reporter-output>
        </test-method> <!-- closeBrowser -->
      </class> <!-- com.qa.ascendum.test.HomePageTest -->
    </test> <!-- Test -->
  </suite> <!-- Suite -->
</testng-results>
